[23:44:29] [Client thread/INFO]: Setting user: Player696
[23:44:35] [Client thread/INFO]: LWJGL Version: 2.9.4
[23:44:40] [Client thread/INFO]: Reloading ResourceManager: Default, FMLFileResourcePack:Forge Mod Loader, FMLFileResourcePack:Minecraft Forge, FMLFileResourcePack:Example Mod
[23:44:49] [Sound Library Loader/INFO]: Starting up SoundSystem...
[23:44:49] [Thread-7/INFO]: Initializing LWJGL OpenAL
[23:44:49] [Thread-7/INFO]: (The LWJGL binding of OpenAL.  For more information, see http://www.lwjgl.org)
[23:44:49] [Thread-7/INFO]: OpenAL initialized.
[23:44:50] [Sound Library Loader/INFO]: Sound engine started
[23:44:57] [Client thread/INFO]: Created: 16x16 textures-atlas
[23:44:58] [Client thread/INFO]: Reloading ResourceManager: Default, FMLFileResourcePack:Forge Mod Loader, FMLFileResourcePack:Minecraft Forge, FMLFileResourcePack:Example Mod
[23:45:03] [Client thread/INFO]: SoundSystem shutting down...
[23:45:03] [Client thread/WARN]: Author: Paul Lamb, www.paulscode.com
[23:45:03] [Sound Library Loader/INFO]: Starting up SoundSystem...
[23:45:04] [Thread-9/INFO]: Initializing LWJGL OpenAL
[23:45:04] [Thread-9/INFO]: (The LWJGL binding of OpenAL.  For more information, see http://www.lwjgl.org)
[23:45:04] [Thread-9/INFO]: OpenAL initialized.
[23:45:04] [Sound Library Loader/INFO]: Sound engine started
[23:45:10] [Client thread/INFO]: Created: 512x512 textures-atlas
[23:45:14] [Realms Notification Availability checker #1/INFO]: Could not authorize you against Realms server: Invalid session id
[23:56:29] [Client thread/INFO]: Stopping!
[23:56:29] [Client thread/INFO]: SoundSystem shutting down...
[23:56:29] [Client thread/WARN]: Author: Paul Lamb, www.paulscode.com
